<?xml version="1.0" encoding="UTF-8"?>
<!-- Generated by org.testng.reporters.JUnitReportReporter -->
<testsuite hostname="ajay-singh-lodhi" failures="0" tests="1" name="TestScript.RightclickmsgTest" time="41.188" errors="0" timestamp="2024-03-29T17:05:41 IST" skipped="0">
  <testcase classname="TestScript.RightclickmsgTest" name="Right_Click_On_Sended_Audio_Reply_With_Code_Snippet" time="41.188"/>
  <system-out/>
</testsuite> <!-- TestScript.RightclickmsgTest -->
