<?xml version="1.0" encoding="UTF-8"?>
<!-- Generated by org.testng.reporters.JUnitReportReporter -->
<testsuite hostname="ajay-singh-lodhi" failures="0" tests="11" name="TestScript.TMmonitorTest" time="317.378" errors="0" timestamp="2024-04-22T17:50:33 IST" skipped="0">
  <testcase classname="TestScript.TMmonitorTest" name="Login" time="18.541"/>
  <system-out/>
  <testcase classname="TestScript.TMmonitorTest" name="Click_On_TM_Monitor" time="21.746"/>
  <system-out/>
  <testcase classname="TestScript.TMmonitorTest" name="Validate_TM_Monitor" time="27.122"/>
  <system-out/>
  <testcase classname="TestScript.TMmonitorTest" name="Click_On_Next_Button_Without_Entering_Password" time="27.345"/>
  <system-out/>
  <testcase classname="TestScript.TMmonitorTest" name="Click_On_Next_Button_With_Entering_Wrong_Password" time="28.084"/>
  <system-out/>
  <testcase classname="TestScript.TMmonitorTest" name="Click_On_Next_Button_With_Entering_Password" time="25.720"/>
  <system-out/>
  <testcase classname="TestScript.TMmonitorTest" name="Validate_TM_Monitor_Second_Page" time="27.474"/>
  <system-out/>
  <testcase classname="TestScript.TMmonitorTest" name="Click_On_Next_In_Second_Page_Without_Selecting_User" time="32.346"/>
  <system-out/>
  <testcase classname="TestScript.TMmonitorTest" name="Enter_Valid_Employee_Name" time="31.190"/>
  <system-out/>
  <testcase classname="TestScript.TMmonitorTest" name="Click_On_Any_Employee_Name_With_Next_Button" time="36.025"/>
  <system-out/>
  <testcase classname="TestScript.TMmonitorTest" name="Click_On_End_Button" time="41.785"/>
  <system-out/>
</testsuite> <!-- TestScript.TMmonitorTest -->
