<?xml version="1.0" encoding="UTF-8"?>
<!-- Generated by org.testng.reporters.JUnitReportReporter -->
<testsuite hostname="ajay-singh-lodhi" failures="0" tests="1" name="TestScript.ControlsGroupTest" time="37.883" errors="0" timestamp="2024-04-26T18:13:52 IST" skipped="0">
  <testcase classname="TestScript.ControlsGroupTest" name="Create_The_Airtime_Group" time="37.883"/>
  <system-out/>
</testsuite> <!-- TestScript.ControlsGroupTest -->
