<?xml version="1.0" encoding="UTF-8"?>
<!-- Generated by org.testng.reporters.JUnitReportReporter -->
<testsuite hostname="ajay-singh-lodhi" failures="0" tests="18" name="TestScript.ControlsMention" time="801.061" errors="0" timestamp="2024-05-07T14:28:38 IST" skipped="0">
  <testcase classname="TestScript.ControlsMention" name="Login" time="17.489"/>
  <system-out/>
  <testcase classname="TestScript.ControlsMention" name="Click_On_Dashboard" time="17.782"/>
  <system-out/>
  <testcase classname="TestScript.ControlsMention" name="Click_On_Controls" time="21.500"/>
  <system-out/>
  <testcase classname="TestScript.ControlsMention" name="Click_On_Mention_In_Controls" time="23.927"/>
  <system-out/>
  <testcase classname="TestScript.ControlsMention" name="Disable_Mentions" time="40.819"/>
  <system-out/>
  <testcase classname="TestScript.ControlsMention" name="Enable_Mentions" time="40.514"/>
  <system-out/>
  <testcase classname="TestScript.ControlsMention" name="Disable_Mention_In_One_To_One_Chat" time="47.042"/>
  <system-out/>
  <testcase classname="TestScript.ControlsMention" name="Disable_Mention_In_Group_Chat" time="47.296"/>
  <system-out/>
  <testcase classname="TestScript.ControlsMention" name="Can_Mention_Non_Group_Users_Within_A_group" time="51.880"/>
  <system-out/>
  <testcase classname="TestScript.ControlsMention" name="Enter_Minimum_3_characters_after_to_show_mention_users" time="56.296"/>
  <system-out/>
  <testcase classname="TestScript.ControlsMention" name="Combination_Of_Disable_Mention_In_One_To_One_Chat_And_Group_Chat" time="46.837"/>
  <system-out/>
  <testcase classname="TestScript.ControlsMention" name="Combination_Of_Disable_Mention_In_One_To_One_Chat_And_Can_Mention_Non_Group_Users" time="51.607"/>
  <system-out/>
  <testcase classname="TestScript.ControlsMention" name="Combination_Of_Disable_Mention_In_One_To_One_Chat_And_Enter_Minimum_3_Character" time="56.438"/>
  <system-out/>
  <testcase classname="TestScript.ControlsMention" name="Combination_Of_Disable_Mention_In_One_To_One_Chat_And_Group_Chat_And_Enter_Minimum_3_Character" time="55.894"/>
  <system-out/>
  <testcase classname="TestScript.ControlsMention" name="Combination_Of_Disable_Mention_In_One_To_One_Chat_And_Enter_Minimum_3_Characters_And_Can_Mention_Non_Group_Within_A_Group" time="56.455"/>
  <system-out/>
  <testcase classname="TestScript.ControlsMention" name="Combination_Of_Disable_Mention_In_One_To_One_Chat_And_Group_Chat_And_Can_Mention_Non_Group_Within_A_Group" time="56.689"/>
  <system-out/>
  <testcase classname="TestScript.ControlsMention" name="Combination_Of_Disable_Mention_In_Group_Chat_And_Can_Mention_Non_Group_Within_A_Group_And_Enter_Minimum_3_Characters" time="56.709"/>
  <system-out/>
  <testcase classname="TestScript.ControlsMention" name="Combination_Of_Disable_Mention_In_One_To_One_Chat_And_Group_Chat_And_Can_Mention_Non_Group_Within_A_Group_And_Enter_Minimum_3_Characters" time="55.887"/>
  <system-out/>
</testsuite> <!-- TestScript.ControlsMention -->
